{"D:\\Software\\Projects\\EPN_6\\construccion_software_evolucion\\CHAUCA-ROJAS-AARON-ERNESTO-constswgr2\\GestionDeTareas\\epn-event-manager\\src\\app.controller.ts": {"path":"D:\\Software\\Projects\\EPN_6\\construccion_software_evolucion\\CHAUCA-ROJAS-AARON-ERNESTO-constswgr2\\GestionDeTareas\\epn-event-manager\\src\\app.controller.ts","statementMap":{"0":{"start":{"line":1,"column":0},"end":{"line":1,"column":49}},"1":{"start":{"line":2,"column":0},"end":{"line":2,"column":43}},"2":{"start":{"line":5,"column":7},"end":{"line":12,"column":null}},"3":{"start":{"line":6,"column":31},"end":{"line":6,"column":43}},"4":{"start":{"line":10,"column":4},"end":{"line":10,"column":38}},"5":{"start":{"line":5,"column":13},"end":{"line":5,"column":26}},"6":{"start":{"line":9,"column":2},"end":{"line":11,"column":null}},"7":{"start":{"line":5,"column":13},"end":{"line":12,"column":null}}},"fnMap":{"0":{"name":"(anonymous_2)","decl":{"start":{"line":6,"column":2},"end":{"line":6,"column":31}},"loc":{"start":{"line":6,"column":53},"end":{"line":6,"column":57}}},"1":{"name":"(anonymous_3)","decl":{"start":{"line":9,"column":2},"end":{"line":9,"column":10}},"loc":{"start":{"line":9,"column":10},"end":{"line":11,"column":3}}}},"branchMap":{"0":{"loc":{"start":{"line":6,"column":43},"end":{"line":6,"column":56}},"type":"cond-expr","locations":[{"start":{"line":6,"column":53},"end":{"line":6,"column":56}},{"start":{"line":6,"column":53},"end":{"line":6,"column":56}}]},"1":{"loc":{"start":{"line":6,"column":43},"end":{"line":6,"column":53}},"type":"binary-expr","locations":[{"start":{"line":6,"column":43},"end":{"line":6,"column":56}},{"start":{"line":6,"column":43},"end":{"line":6,"column":53}}]}},"s":{"0":0,"1":0,"2":0,"3":0,"4":0,"5":0,"6":0,"7":0},"f":{"0":0,"1":0},"b":{"0":[0,0],"1":[0,0]}}
,"D:\\Software\\Projects\\EPN_6\\construccion_software_evolucion\\CHAUCA-ROJAS-AARON-ERNESTO-constswgr2\\GestionDeTareas\\epn-event-manager\\src\\app.module.ts": {"path":"D:\\Software\\Projects\\EPN_6\\construccion_software_evolucion\\CHAUCA-ROJAS-AARON-ERNESTO-constswgr2\\GestionDeTareas\\epn-event-manager\\src\\app.module.ts","statementMap":{"0":{"start":{"line":1,"column":0},"end":{"line":1,"column":40}},"1":{"start":{"line":2,"column":0},"end":{"line":2,"column":46}},"2":{"start":{"line":3,"column":0},"end":{"line":3,"column":60}},"3":{"start":{"line":4,"column":0},"end":{"line":4,"column":62}},"4":{"start":{"line":5,"column":0},"end":{"line":5,"column":62}},"5":{"start":{"line":6,"column":0},"end":{"line":6,"column":59}},"6":{"start":{"line":7,"column":0},"end":{"line":7,"column":59}},"7":{"start":{"line":19,"column":7},"end":{"line":19,"column":null}},"8":{"start":{"line":19,"column":13},"end":{"line":19,"column":22}},"9":{"start":{"line":19,"column":13},"end":{"line":19,"column":null}}},"fnMap":{},"branchMap":{},"s":{"0":0,"1":0,"2":0,"3":0,"4":0,"5":0,"6":0,"7":0,"8":0,"9":0},"f":{},"b":{}}
,"D:\\Software\\Projects\\EPN_6\\construccion_software_evolucion\\CHAUCA-ROJAS-AARON-ERNESTO-constswgr2\\GestionDeTareas\\epn-event-manager\\src\\app.service.ts": {"path":"D:\\Software\\Projects\\EPN_6\\construccion_software_evolucion\\CHAUCA-ROJAS-AARON-ERNESTO-constswgr2\\GestionDeTareas\\epn-event-manager\\src\\app.service.ts","statementMap":{"0":{"start":{"line":1,"column":0},"end":{"line":1,"column":44}},"1":{"start":{"line":4,"column":7},"end":{"line":8,"column":null}},"2":{"start":{"line":6,"column":4},"end":{"line":6,"column":26}},"3":{"start":{"line":4,"column":13},"end":{"line":4,"column":23}},"4":{"start":{"line":4,"column":13},"end":{"line":8,"column":null}}},"fnMap":{"0":{"name":"(anonymous_1)","decl":{"start":{"line":5,"column":2},"end":{"line":5,"column":10}},"loc":{"start":{"line":5,"column":10},"end":{"line":7,"column":3}}}},"branchMap":{},"s":{"0":0,"1":0,"2":0,"3":0,"4":0},"f":{"0":0},"b":{}}
,"D:\\Software\\Projects\\EPN_6\\construccion_software_evolucion\\CHAUCA-ROJAS-AARON-ERNESTO-constswgr2\\GestionDeTareas\\epn-event-manager\\src\\main.ts": {"path":"D:\\Software\\Projects\\EPN_6\\construccion_software_evolucion\\CHAUCA-ROJAS-AARON-ERNESTO-constswgr2\\GestionDeTareas\\epn-event-manager\\src\\main.ts","statementMap":{"0":{"start":{"line":1,"column":0},"end":{"line":1,"column":43}},"1":{"start":{"line":2,"column":0},"end":{"line":2,"column":48}},"2":{"start":{"line":4,"column":0},"end":{"line":4,"column":28}},"3":{"start":{"line":5,"column":0},"end":{"line":5,"column":41}},"4":{"start":{"line":8,"column":14},"end":{"line":8,"column":73}},"5":{"start":{"line":11,"column":2},"end":{"line":17,"column":4}},"6":{"start":{"line":20,"column":2},"end":{"line":20,"column":55}},"7":{"start":{"line":22,"column":2},"end":{"line":22,"column":45}},"8":{"start":{"line":24,"column":0},"end":{"line":24,"column":17}}},"fnMap":{"0":{"name":"bootstrap","decl":{"start":{"line":7,"column":15},"end":{"line":7,"column":24}},"loc":{"start":{"line":7,"column":24},"end":{"line":23,"column":1}}}},"branchMap":{"0":{"loc":{"start":{"line":22,"column":19},"end":{"line":22,"column":43}},"type":"binary-expr","locations":[{"start":{"line":22,"column":19},"end":{"line":22,"column":35}},{"start":{"line":22,"column":39},"end":{"line":22,"column":43}}]}},"s":{"0":0,"1":0,"2":0,"3":0,"4":0,"5":0,"6":0,"7":0,"8":0},"f":{"0":0},"b":{"0":[0,0]}}
,"D:\\Software\\Projects\\EPN_6\\construccion_software_evolucion\\CHAUCA-ROJAS-AARON-ERNESTO-constswgr2\\GestionDeTareas\\epn-event-manager\\src\\database\\database.module.ts": {"path":"D:\\Software\\Projects\\EPN_6\\construccion_software_evolucion\\CHAUCA-ROJAS-AARON-ERNESTO-constswgr2\\GestionDeTareas\\epn-event-manager\\src\\database\\database.module.ts","statementMap":{"0":{"start":{"line":1,"column":0},"end":{"line":1,"column":40}},"1":{"start":{"line":2,"column":0},"end":{"line":2,"column":48}},"2":{"start":{"line":3,"column":0},"end":{"line":3,"column":61}},"3":{"start":{"line":4,"column":0},"end":{"line":4,"column":52}},"4":{"start":{"line":5,"column":0},"end":{"line":5,"column":54}},"5":{"start":{"line":22,"column":7},"end":{"line":22,"column":null}},"6":{"start":{"line":22,"column":13},"end":{"line":22,"column":27}},"7":{"start":{"line":22,"column":13},"end":{"line":22,"column":null}},"8":{"start":{"line":12,"column":53},"end":{"line":17,"column":8}}},"fnMap":{"0":{"name":"(anonymous_1)","decl":{"start":{"line":12,"column":18},"end":{"line":12,"column":19}},"loc":{"start":{"line":12,"column":53},"end":{"line":17,"column":8}}}},"branchMap":{},"s":{"0":0,"1":0,"2":0,"3":0,"4":0,"5":0,"6":0,"7":0,"8":0},"f":{"0":0},"b":{}}
,"D:\\Software\\Projects\\EPN_6\\construccion_software_evolucion\\CHAUCA-ROJAS-AARON-ERNESTO-constswgr2\\GestionDeTareas\\epn-event-manager\\src\\database\\entities\\event.entity.ts": {"path":"D:\\Software\\Projects\\EPN_6\\construccion_software_evolucion\\CHAUCA-ROJAS-AARON-ERNESTO-constswgr2\\GestionDeTareas\\epn-event-manager\\src\\database\\entities\\event.entity.ts","statementMap":{"0":{"start":{"line":1,"column":0},"end":{"line":1,"column":65}},"1":{"start":{"line":6,"column":7},"end":{"line":33,"column":null}},"2":{"start":{"line":6,"column":13},"end":{"line":6,"column":24}},"3":{"start":{"line":8,"column":2},"end":{"line":8,"column":null}},"4":{"start":{"line":11,"column":2},"end":{"line":11,"column":null}},"5":{"start":{"line":14,"column":2},"end":{"line":14,"column":null}},"6":{"start":{"line":17,"column":2},"end":{"line":17,"column":null}},"7":{"start":{"line":20,"column":2},"end":{"line":20,"column":null}},"8":{"start":{"line":23,"column":2},"end":{"line":23,"column":null}},"9":{"start":{"line":26,"column":2},"end":{"line":26,"column":null}},"10":{"start":{"line":29,"column":2},"end":{"line":29,"column":null}},"11":{"start":{"line":32,"column":2},"end":{"line":32,"column":null}},"12":{"start":{"line":31,"column":45},"end":{"line":31,"column":64}},"13":{"start":{"line":6,"column":13},"end":{"line":33,"column":null}}},"fnMap":{"0":{"name":"(anonymous_2)","decl":{"start":{"line":31,"column":39},"end":{"line":31,"column":42}},"loc":{"start":{"line":31,"column":45},"end":{"line":31,"column":64}}}},"branchMap":{},"s":{"0":0,"1":0,"2":0,"3":0,"4":0,"5":0,"6":0,"7":0,"8":0,"9":0,"10":0,"11":0,"12":0,"13":0},"f":{"0":0},"b":{}}
,"D:\\Software\\Projects\\EPN_6\\construccion_software_evolucion\\CHAUCA-ROJAS-AARON-ERNESTO-constswgr2\\GestionDeTareas\\epn-event-manager\\src\\database\\entities\\task.entity.ts": {"path":"D:\\Software\\Projects\\EPN_6\\construccion_software_evolucion\\CHAUCA-ROJAS-AARON-ERNESTO-constswgr2\\GestionDeTareas\\epn-event-manager\\src\\database\\entities\\task.entity.ts","statementMap":{"0":{"start":{"line":1,"column":0},"end":{"line":1,"column":83}},"1":{"start":{"line":4,"column":7},"end":{"line":22,"column":null}},"2":{"start":{"line":4,"column":13},"end":{"line":4,"column":23}},"3":{"start":{"line":6,"column":2},"end":{"line":6,"column":null}},"4":{"start":{"line":9,"column":2},"end":{"line":9,"column":null}},"5":{"start":{"line":12,"column":2},"end":{"line":12,"column":null}},"6":{"start":{"line":15,"column":2},"end":{"line":15,"column":null}},"7":{"start":{"line":18,"column":2},"end":{"line":18,"column":null}},"8":{"start":{"line":21,"column":2},"end":{"line":21,"column":null}},"9":{"start":{"line":4,"column":13},"end":{"line":22,"column":null}}},"fnMap":{},"branchMap":{},"s":{"0":1,"1":1,"2":1,"3":1,"4":1,"5":1,"6":1,"7":1,"8":1,"9":1},"f":{},"b":{}}
,"D:\\Software\\Projects\\EPN_6\\construccion_software_evolucion\\CHAUCA-ROJAS-AARON-ERNESTO-constswgr2\\GestionDeTareas\\epn-event-manager\\src\\modules\\events\\events.controller.ts": {"path":"D:\\Software\\Projects\\EPN_6\\construccion_software_evolucion\\CHAUCA-ROJAS-AARON-ERNESTO-constswgr2\\GestionDeTareas\\epn-event-manager\\src\\modules\\events\\events.controller.ts","statementMap":{"0":{"start":{"line":1,"column":0},"end":{"line":1,"column":68}},"1":{"start":{"line":2,"column":0},"end":{"line":2,"column":49}},"2":{"start":{"line":3,"column":0},"end":{"line":3,"column":56}},"3":{"start":{"line":6,"column":7},"end":{"line":28,"column":null}},"4":{"start":{"line":7,"column":31},"end":{"line":7,"column":46}},"5":{"start":{"line":11,"column":4},"end":{"line":11,"column":49}},"6":{"start":{"line":16,"column":4},"end":{"line":16,"column":40}},"7":{"start":{"line":21,"column":4},"end":{"line":21,"column":51}},"8":{"start":{"line":26,"column":4},"end":{"line":26,"column":51}},"9":{"start":{"line":6,"column":13},"end":{"line":6,"column":29}},"10":{"start":{"line":10,"column":2},"end":{"line":12,"column":null}},"11":{"start":{"line":15,"column":2},"end":{"line":17,"column":null}},"12":{"start":{"line":20,"column":2},"end":{"line":22,"column":null}},"13":{"start":{"line":25,"column":2},"end":{"line":27,"column":null}},"14":{"start":{"line":6,"column":13},"end":{"line":28,"column":null}}},"fnMap":{"0":{"name":"(anonymous_4)","decl":{"start":{"line":7,"column":2},"end":{"line":7,"column":31}},"loc":{"start":{"line":7,"column":59},"end":{"line":7,"column":63}}},"1":{"name":"(anonymous_5)","decl":{"start":{"line":10,"column":2},"end":{"line":10,"column":15}},"loc":{"start":{"line":10,"column":43},"end":{"line":12,"column":3}}},"2":{"name":"(anonymous_6)","decl":{"start":{"line":15,"column":2},"end":{"line":15,"column":9}},"loc":{"start":{"line":15,"column":9},"end":{"line":17,"column":3}}},"3":{"name":"(anonymous_7)","decl":{"start":{"line":20,"column":2},"end":{"line":20,"column":14}},"loc":{"start":{"line":20,"column":46},"end":{"line":22,"column":3}}},"4":{"name":"(anonymous_8)","decl":{"start":{"line":25,"column":2},"end":{"line":25,"column":14}},"loc":{"start":{"line":25,"column":46},"end":{"line":27,"column":3}}}},"branchMap":{"0":{"loc":{"start":{"line":10,"column":29},"end":{"line":10,"column":null}},"type":"cond-expr","locations":[{"start":{"line":10,"column":43},"end":{"line":10,"column":null}},{"start":{"line":10,"column":43},"end":{"line":10,"column":null}}]},"1":{"loc":{"start":{"line":10,"column":29},"end":{"line":10,"column":43}},"type":"binary-expr","locations":[{"start":{"line":10,"column":29},"end":{"line":10,"column":null}},{"start":{"line":10,"column":29},"end":{"line":10,"column":43}}]},"2":{"loc":{"start":{"line":7,"column":46},"end":{"line":7,"column":62}},"type":"cond-expr","locations":[{"start":{"line":7,"column":59},"end":{"line":7,"column":62}},{"start":{"line":7,"column":59},"end":{"line":7,"column":62}}]},"3":{"loc":{"start":{"line":7,"column":46},"end":{"line":7,"column":59}},"type":"binary-expr","locations":[{"start":{"line":7,"column":46},"end":{"line":7,"column":62}},{"start":{"line":7,"column":46},"end":{"line":7,"column":59}}]}},"s":{"0":0,"1":0,"2":0,"3":0,"4":0,"5":0,"6":0,"7":0,"8":0,"9":0,"10":0,"11":0,"12":0,"13":0,"14":0},"f":{"0":0,"1":0,"2":0,"3":0,"4":0},"b":{"0":[0,0],"1":[0,0],"2":[0,0],"3":[0,0]}}
,"D:\\Software\\Projects\\EPN_6\\construccion_software_evolucion\\CHAUCA-ROJAS-AARON-ERNESTO-constswgr2\\GestionDeTareas\\epn-event-manager\\src\\modules\\events\\events.module.ts": {"path":"D:\\Software\\Projects\\EPN_6\\construccion_software_evolucion\\CHAUCA-ROJAS-AARON-ERNESTO-constswgr2\\GestionDeTareas\\epn-event-manager\\src\\modules\\events\\events.module.ts","statementMap":{"0":{"start":{"line":1,"column":0},"end":{"line":1,"column":40}},"1":{"start":{"line":2,"column":0},"end":{"line":2,"column":48}},"2":{"start":{"line":3,"column":0},"end":{"line":3,"column":55}},"3":{"start":{"line":4,"column":0},"end":{"line":4,"column":49}},"4":{"start":{"line":5,"column":0},"end":{"line":5,"column":67}},"5":{"start":{"line":13,"column":7},"end":{"line":13,"column":null}},"6":{"start":{"line":13,"column":13},"end":{"line":13,"column":25}},"7":{"start":{"line":13,"column":13},"end":{"line":13,"column":null}}},"fnMap":{},"branchMap":{},"s":{"0":0,"1":0,"2":0,"3":0,"4":0,"5":0,"6":0,"7":0},"f":{},"b":{}}
,"D:\\Software\\Projects\\EPN_6\\construccion_software_evolucion\\CHAUCA-ROJAS-AARON-ERNESTO-constswgr2\\GestionDeTareas\\epn-event-manager\\src\\modules\\events\\events.service.ts": {"path":"D:\\Software\\Projects\\EPN_6\\construccion_software_evolucion\\CHAUCA-ROJAS-AARON-ERNESTO-constswgr2\\GestionDeTareas\\epn-event-manager\\src\\modules\\events\\events.service.ts","statementMap":{"0":{"start":{"line":1,"column":0},"end":{"line":1,"column":44}},"1":{"start":{"line":2,"column":0},"end":{"line":2,"column":51}},"2":{"start":{"line":3,"column":0},"end":{"line":3,"column":37}},"3":{"start":{"line":5,"column":0},"end":{"line":5,"column":67}},"4":{"start":{"line":9,"column":7},"end":{"line":57,"column":null}},"5":{"start":{"line":12,"column":21},"end":{"line":12,"column":32}},"6":{"start":{"line":16,"column":19},"end":{"line":16,"column":51}},"7":{"start":{"line":18,"column":20},"end":{"line":18,"column":44}},"8":{"start":{"line":20,"column":4},"end":{"line":38,"column":5}},"9":{"start":{"line":22,"column":24},"end":{"line":24,"column":12}},"10":{"start":{"line":26,"column":17},"end":{"line":35,"column":8}},"11":{"start":{"line":36,"column":6},"end":{"line":36,"column":36}},"12":{"start":{"line":37,"column":6},"end":{"line":37,"column":26}},"13":{"start":{"line":40,"column":4},"end":{"line":40,"column":25}},"14":{"start":{"line":45,"column":4},"end":{"line":47,"column":7}},"15":{"start":{"line":51,"column":4},"end":{"line":51,"column":51}},"16":{"start":{"line":55,"column":4},"end":{"line":55,"column":51}},"17":{"start":{"line":9,"column":13},"end":{"line":9,"column":26}},"18":{"start":{"line":9,"column":13},"end":{"line":57,"column":null}}},"fnMap":{"0":{"name":"(anonymous_4)","decl":{"start":{"line":10,"column":2},"end":{"line":10,"column":null}},"loc":{"start":{"line":12,"column":55},"end":{"line":13,"column":6}}},"1":{"name":"(anonymous_5)","decl":{"start":{"line":15,"column":2},"end":{"line":15,"column":7}},"loc":{"start":{"line":15,"column":41},"end":{"line":41,"column":3}}},"2":{"name":"(anonymous_6)","decl":{"start":{"line":44,"column":2},"end":{"line":44,"column":7}},"loc":{"start":{"line":44,"column":15},"end":{"line":48,"column":3}}},"3":{"name":"(anonymous_7)","decl":{"start":{"line":50,"column":2},"end":{"line":50,"column":7}},"loc":{"start":{"line":50,"column":35},"end":{"line":52,"column":3}}},"4":{"name":"(anonymous_8)","decl":{"start":{"line":54,"column":2},"end":{"line":54,"column":7}},"loc":{"start":{"line":54,"column":35},"end":{"line":56,"column":3}}}},"branchMap":{"0":{"loc":{"start":{"line":16,"column":20},"end":{"line":16,"column":36}},"type":"binary-expr","locations":[{"start":{"line":16,"column":20},"end":{"line":16,"column":30}},{"start":{"line":16,"column":34},"end":{"line":16,"column":36}}]},"1":{"loc":{"start":{"line":20,"column":4},"end":{"line":38,"column":5}},"type":"if","locations":[{"start":{"line":20,"column":4},"end":{"line":38,"column":5}},{"start":{},"end":{}}]},"2":{"loc":{"start":{"line":22,"column":24},"end":{"line":24,"column":12}},"type":"cond-expr","locations":[{"start":{"line":23,"column":10},"end":{"line":23,"column":40}},{"start":{"line":24,"column":10},"end":{"line":24,"column":12}}]},"3":{"loc":{"start":{"line":12,"column":32},"end":{"line":12,"column":55}},"type":"cond-expr","locations":[{"start":{"line":12,"column":42},"end":{"line":12,"column":55}},{"start":{"line":12,"column":42},"end":{"line":12,"column":55}}]},"4":{"loc":{"start":{"line":12,"column":32},"end":{"line":12,"column":42}},"type":"binary-expr","locations":[{"start":{"line":12,"column":32},"end":{"line":12,"column":55}},{"start":{"line":12,"column":32},"end":{"line":12,"column":42}}]}},"s":{"0":0,"1":0,"2":0,"3":0,"4":0,"5":0,"6":0,"7":0,"8":0,"9":0,"10":0,"11":0,"12":0,"13":0,"14":0,"15":0,"16":0,"17":0,"18":0},"f":{"0":0,"1":0,"2":0,"3":0,"4":0},"b":{"0":[0,0],"1":[0,0],"2":[0,0],"3":[0,0],"4":[0,0]}}
,"D:\\Software\\Projects\\EPN_6\\construccion_software_evolucion\\CHAUCA-ROJAS-AARON-ERNESTO-constswgr2\\GestionDeTareas\\epn-event-manager\\src\\modules\\events\\dto\\create-event.dto.ts": {"path":"D:\\Software\\Projects\\EPN_6\\construccion_software_evolucion\\CHAUCA-ROJAS-AARON-ERNESTO-constswgr2\\GestionDeTareas\\epn-event-manager\\src\\modules\\events\\dto\\create-event.dto.ts","statementMap":{"0":{"start":{"line":1,"column":0},"end":{"line":1,"column":71}},"1":{"start":{"line":13,"column":0},"end":{"line":13,"column":13}},"2":{"start":{"line":15,"column":2},"end":{"line":15,"column":null}},"3":{"start":{"line":18,"column":2},"end":{"line":18,"column":null}},"4":{"start":{"line":21,"column":2},"end":{"line":21,"column":null}},"5":{"start":{"line":24,"column":2},"end":{"line":24,"column":null}},"6":{"start":{"line":28,"column":2},"end":{"line":28,"column":null}},"7":{"start":{"line":32,"column":2},"end":{"line":32,"column":null}}},"fnMap":{},"branchMap":{},"s":{"0":0,"1":0,"2":0,"3":0,"4":0,"5":0,"6":0,"7":0},"f":{},"b":{}}
,"D:\\Software\\Projects\\EPN_6\\construccion_software_evolucion\\CHAUCA-ROJAS-AARON-ERNESTO-constswgr2\\GestionDeTareas\\epn-event-manager\\src\\modules\\health\\health.controller.ts": {"path":"D:\\Software\\Projects\\EPN_6\\construccion_software_evolucion\\CHAUCA-ROJAS-AARON-ERNESTO-constswgr2\\GestionDeTareas\\epn-event-manager\\src\\modules\\health\\health.controller.ts","statementMap":{"0":{"start":{"line":1,"column":0},"end":{"line":1,"column":57}},"1":{"start":{"line":2,"column":0},"end":{"line":2,"column":37}},"2":{"start":{"line":5,"column":7},"end":{"line":28,"column":null}},"3":{"start":{"line":6,"column":51},"end":{"line":6,"column":63}},"4":{"start":{"line":10,"column":4},"end":{"line":26,"column":5}},"5":{"start":{"line":12,"column":6},"end":{"line":12,"column":46}},"6":{"start":{"line":13,"column":6},"end":{"line":17,"column":8}},"7":{"start":{"line":19,"column":22},"end":{"line":19,"column":78}},"8":{"start":{"line":20,"column":6},"end":{"line":25,"column":8}},"9":{"start":{"line":5,"column":13},"end":{"line":5,"column":29}},"10":{"start":{"line":9,"column":8},"end":{"line":27,"column":null}},"11":{"start":{"line":5,"column":13},"end":{"line":28,"column":null}}},"fnMap":{"0":{"name":"(anonymous_4)","decl":{"start":{"line":6,"column":2},"end":{"line":6,"column":15}},"loc":{"start":{"line":6,"column":73},"end":{"line":6,"column":77}}},"1":{"name":"(anonymous_5)","decl":{"start":{"line":9,"column":8},"end":{"line":9,"column":13}},"loc":{"start":{"line":9,"column":13},"end":{"line":27,"column":3}}}},"branchMap":{"0":{"loc":{"start":{"line":19,"column":22},"end":{"line":19,"column":78}},"type":"cond-expr","locations":[{"start":{"line":19,"column":47},"end":{"line":19,"column":60}},{"start":{"line":19,"column":63},"end":{"line":19,"column":78}}]},"1":{"loc":{"start":{"line":6,"column":63},"end":{"line":6,"column":76}},"type":"cond-expr","locations":[{"start":{"line":6,"column":73},"end":{"line":6,"column":76}},{"start":{"line":6,"column":73},"end":{"line":6,"column":76}}]},"2":{"loc":{"start":{"line":6,"column":63},"end":{"line":6,"column":73}},"type":"binary-expr","locations":[{"start":{"line":6,"column":63},"end":{"line":6,"column":76}},{"start":{"line":6,"column":63},"end":{"line":6,"column":73}}]}},"s":{"0":0,"1":0,"2":0,"3":0,"4":0,"5":0,"6":0,"7":0,"8":0,"9":0,"10":0,"11":0},"f":{"0":0,"1":0},"b":{"0":[0,0],"1":[0,0],"2":[0,0]}}
,"D:\\Software\\Projects\\EPN_6\\construccion_software_evolucion\\CHAUCA-ROJAS-AARON-ERNESTO-constswgr2\\GestionDeTareas\\epn-event-manager\\src\\modules\\health\\health.module.ts": {"path":"D:\\Software\\Projects\\EPN_6\\construccion_software_evolucion\\CHAUCA-ROJAS-AARON-ERNESTO-constswgr2\\GestionDeTareas\\epn-event-manager\\src\\modules\\health\\health.module.ts","statementMap":{"0":{"start":{"line":1,"column":0},"end":{"line":1,"column":40}},"1":{"start":{"line":2,"column":0},"end":{"line":2,"column":55}},"2":{"start":{"line":7,"column":7},"end":{"line":7,"column":null}},"3":{"start":{"line":7,"column":13},"end":{"line":7,"column":25}},"4":{"start":{"line":7,"column":13},"end":{"line":7,"column":null}}},"fnMap":{},"branchMap":{},"s":{"0":0,"1":0,"2":0,"3":0,"4":0},"f":{},"b":{}}
,"D:\\Software\\Projects\\EPN_6\\construccion_software_evolucion\\CHAUCA-ROJAS-AARON-ERNESTO-constswgr2\\GestionDeTareas\\epn-event-manager\\src\\modules\\stats\\stats.controller.ts": {"path":"D:\\Software\\Projects\\EPN_6\\construccion_software_evolucion\\CHAUCA-ROJAS-AARON-ERNESTO-constswgr2\\GestionDeTareas\\epn-event-manager\\src\\modules\\stats\\stats.controller.ts","statementMap":{"0":{"start":{"line":1,"column":0},"end":{"line":1,"column":49}},"1":{"start":{"line":2,"column":0},"end":{"line":2,"column":47}},"2":{"start":{"line":5,"column":7},"end":{"line":12,"column":null}},"3":{"start":{"line":6,"column":31},"end":{"line":6,"column":45}},"4":{"start":{"line":10,"column":4},"end":{"line":10,"column":40}},"5":{"start":{"line":5,"column":13},"end":{"line":5,"column":28}},"6":{"start":{"line":9,"column":2},"end":{"line":11,"column":null}},"7":{"start":{"line":5,"column":13},"end":{"line":12,"column":null}}},"fnMap":{"0":{"name":"(anonymous_2)","decl":{"start":{"line":6,"column":2},"end":{"line":6,"column":31}},"loc":{"start":{"line":6,"column":57},"end":{"line":6,"column":61}}},"1":{"name":"(anonymous_3)","decl":{"start":{"line":9,"column":2},"end":{"line":9,"column":10}},"loc":{"start":{"line":9,"column":10},"end":{"line":11,"column":3}}}},"branchMap":{"0":{"loc":{"start":{"line":6,"column":45},"end":{"line":6,"column":60}},"type":"cond-expr","locations":[{"start":{"line":6,"column":57},"end":{"line":6,"column":60}},{"start":{"line":6,"column":57},"end":{"line":6,"column":60}}]},"1":{"loc":{"start":{"line":6,"column":45},"end":{"line":6,"column":57}},"type":"binary-expr","locations":[{"start":{"line":6,"column":45},"end":{"line":6,"column":60}},{"start":{"line":6,"column":45},"end":{"line":6,"column":57}}]}},"s":{"0":0,"1":0,"2":0,"3":0,"4":0,"5":0,"6":0,"7":0},"f":{"0":0,"1":0},"b":{"0":[0,0],"1":[0,0]}}
,"D:\\Software\\Projects\\EPN_6\\construccion_software_evolucion\\CHAUCA-ROJAS-AARON-ERNESTO-constswgr2\\GestionDeTareas\\epn-event-manager\\src\\modules\\stats\\stats.module.ts": {"path":"D:\\Software\\Projects\\EPN_6\\construccion_software_evolucion\\CHAUCA-ROJAS-AARON-ERNESTO-constswgr2\\GestionDeTareas\\epn-event-manager\\src\\modules\\stats\\stats.module.ts","statementMap":{"0":{"start":{"line":1,"column":0},"end":{"line":1,"column":40}},"1":{"start":{"line":2,"column":0},"end":{"line":2,"column":48}},"2":{"start":{"line":3,"column":0},"end":{"line":3,"column":53}},"3":{"start":{"line":4,"column":0},"end":{"line":4,"column":47}},"4":{"start":{"line":5,"column":0},"end":{"line":5,"column":67}},"5":{"start":{"line":14,"column":7},"end":{"line":14,"column":null}},"6":{"start":{"line":14,"column":13},"end":{"line":14,"column":24}},"7":{"start":{"line":14,"column":13},"end":{"line":14,"column":null}}},"fnMap":{},"branchMap":{},"s":{"0":0,"1":0,"2":0,"3":0,"4":0,"5":0,"6":0,"7":0},"f":{},"b":{}}
,"D:\\Software\\Projects\\EPN_6\\construccion_software_evolucion\\CHAUCA-ROJAS-AARON-ERNESTO-constswgr2\\GestionDeTareas\\epn-event-manager\\src\\modules\\stats\\stats.service.ts": {"path":"D:\\Software\\Projects\\EPN_6\\construccion_software_evolucion\\CHAUCA-ROJAS-AARON-ERNESTO-constswgr2\\GestionDeTareas\\epn-event-manager\\src\\modules\\stats\\stats.service.ts","statementMap":{"0":{"start":{"line":1,"column":0},"end":{"line":1,"column":44}},"1":{"start":{"line":2,"column":0},"end":{"line":2,"column":51}},"2":{"start":{"line":3,"column":0},"end":{"line":3,"column":37}},"3":{"start":{"line":4,"column":0},"end":{"line":4,"column":67}},"4":{"start":{"line":7,"column":7},"end":{"line":27,"column":null}},"5":{"start":{"line":10,"column":12},"end":{"line":10,"column":23}},"6":{"start":{"line":14,"column":24},"end":{"line":14,"column":74}},"7":{"start":{"line":15,"column":24},"end":{"line":15,"column":74}},"8":{"start":{"line":16,"column":24},"end":{"line":16,"column":74}},"9":{"start":{"line":17,"column":23},"end":{"line":17,"column":72}},"10":{"start":{"line":19,"column":4},"end":{"line":25,"column":6}},"11":{"start":{"line":7,"column":13},"end":{"line":7,"column":25}},"12":{"start":{"line":7,"column":13},"end":{"line":27,"column":null}}},"fnMap":{"0":{"name":"(anonymous_4)","decl":{"start":{"line":8,"column":2},"end":{"line":8,"column":null}},"loc":{"start":{"line":10,"column":46},"end":{"line":11,"column":6}}},"1":{"name":"(anonymous_5)","decl":{"start":{"line":13,"column":2},"end":{"line":13,"column":7}},"loc":{"start":{"line":13,"column":16},"end":{"line":26,"column":3}}}},"branchMap":{"0":{"loc":{"start":{"line":10,"column":23},"end":{"line":10,"column":46}},"type":"cond-expr","locations":[{"start":{"line":10,"column":33},"end":{"line":10,"column":46}},{"start":{"line":10,"column":33},"end":{"line":10,"column":46}}]},"1":{"loc":{"start":{"line":10,"column":23},"end":{"line":10,"column":33}},"type":"binary-expr","locations":[{"start":{"line":10,"column":23},"end":{"line":10,"column":46}},{"start":{"line":10,"column":23},"end":{"line":10,"column":33}}]}},"s":{"0":0,"1":0,"2":0,"3":0,"4":0,"5":0,"6":0,"7":0,"8":0,"9":0,"10":0,"11":0,"12":0},"f":{"0":0,"1":0},"b":{"0":[0,0],"1":[0,0]}}
,"D:\\Software\\Projects\\EPN_6\\construccion_software_evolucion\\CHAUCA-ROJAS-AARON-ERNESTO-constswgr2\\GestionDeTareas\\epn-event-manager\\src\\modules\\tasks\\tasks.controller.ts": {"path":"D:\\Software\\Projects\\EPN_6\\construccion_software_evolucion\\CHAUCA-ROJAS-AARON-ERNESTO-constswgr2\\GestionDeTareas\\epn-event-manager\\src\\modules\\tasks\\tasks.controller.ts","statementMap":{"0":{"start":{"line":1,"column":0},"end":{"line":1,"column":34}},"1":{"start":{"line":2,"column":0},"end":{"line":2,"column":28}},"2":{"start":{"line":4,"column":0},"end":{"line":4,"column":null}},"3":{"start":{"line":16,"column":0},"end":{"line":16,"column":54}},"4":{"start":{"line":17,"column":0},"end":{"line":17,"column":54}},"5":{"start":{"line":18,"column":0},"end":{"line":18,"column":47}},"6":{"start":{"line":21,"column":7},"end":{"line":49,"column":null}},"7":{"start":{"line":22,"column":31},"end":{"line":22,"column":45}},"8":{"start":{"line":27,"column":4},"end":{"line":27,"column":73}},"9":{"start":{"line":32,"column":4},"end":{"line":32,"column":41}},"10":{"start":{"line":37,"column":4},"end":{"line":37,"column":64}},"11":{"start":{"line":42,"column":4},"end":{"line":42,"column":45}},"12":{"start":{"line":47,"column":4},"end":{"line":47,"column":40}},"13":{"start":{"line":21,"column":13},"end":{"line":21,"column":28}},"14":{"start":{"line":26,"column":2},"end":{"line":28,"column":null}},"15":{"start":{"line":31,"column":2},"end":{"line":33,"column":null}},"16":{"start":{"line":36,"column":2},"end":{"line":38,"column":null}},"17":{"start":{"line":41,"column":2},"end":{"line":43,"column":null}},"18":{"start":{"line":46,"column":2},"end":{"line":48,"column":null}},"19":{"start":{"line":21,"column":13},"end":{"line":49,"column":null}}},"fnMap":{"0":{"name":"(anonymous_4)","decl":{"start":{"line":22,"column":2},"end":{"line":22,"column":31}},"loc":{"start":{"line":22,"column":57},"end":{"line":22,"column":61}}},"1":{"name":"(anonymous_5)","decl":{"start":{"line":26,"column":2},"end":{"line":26,"column":14}},"loc":{"start":{"line":26,"column":14},"end":{"line":28,"column":3}}},"2":{"name":"(anonymous_6)","decl":{"start":{"line":31,"column":2},"end":{"line":31,"column":8}},"loc":{"start":{"line":31,"column":35},"end":{"line":33,"column":3}}},"3":{"name":"(anonymous_7)","decl":{"start":{"line":36,"column":2},"end":{"line":36,"column":9}},"loc":{"start":{"line":36,"column":58},"end":{"line":38,"column":3}}},"4":{"name":"(anonymous_8)","decl":{"start":{"line":41,"column":2},"end":{"line":41,"column":8}},"loc":{"start":{"line":41,"column":74},"end":{"line":43,"column":3}}},"5":{"name":"(anonymous_9)","decl":{"start":{"line":46,"column":2},"end":{"line":46,"column":8}},"loc":{"start":{"line":46,"column":46},"end":{"line":48,"column":3}}}},"branchMap":{"0":{"loc":{"start":{"line":31,"column":22},"end":{"line":31,"column":null}},"type":"cond-expr","locations":[{"start":{"line":31,"column":35},"end":{"line":31,"column":null}},{"start":{"line":31,"column":35},"end":{"line":31,"column":null}}]},"1":{"loc":{"start":{"line":31,"column":22},"end":{"line":31,"column":35}},"type":"binary-expr","locations":[{"start":{"line":31,"column":22},"end":{"line":31,"column":null}},{"start":{"line":31,"column":22},"end":{"line":31,"column":35}}]},"2":{"loc":{"start":{"line":41,"column":61},"end":{"line":41,"column":null}},"type":"cond-expr","locations":[{"start":{"line":41,"column":74},"end":{"line":41,"column":null}},{"start":{"line":41,"column":74},"end":{"line":41,"column":null}}]},"3":{"loc":{"start":{"line":41,"column":61},"end":{"line":41,"column":74}},"type":"binary-expr","locations":[{"start":{"line":41,"column":61},"end":{"line":41,"column":null}},{"start":{"line":41,"column":61},"end":{"line":41,"column":74}}]},"4":{"loc":{"start":{"line":22,"column":45},"end":{"line":22,"column":60}},"type":"cond-expr","locations":[{"start":{"line":22,"column":57},"end":{"line":22,"column":60}},{"start":{"line":22,"column":57},"end":{"line":22,"column":60}}]},"5":{"loc":{"start":{"line":22,"column":45},"end":{"line":22,"column":57}},"type":"binary-expr","locations":[{"start":{"line":22,"column":45},"end":{"line":22,"column":60}},{"start":{"line":22,"column":45},"end":{"line":22,"column":57}}]}},"s":{"0":0,"1":0,"2":0,"3":0,"4":0,"5":0,"6":0,"7":0,"8":0,"9":0,"10":0,"11":0,"12":0,"13":0,"14":0,"15":0,"16":0,"17":0,"18":0,"19":0},"f":{"0":0,"1":0,"2":0,"3":0,"4":0,"5":0},"b":{"0":[0,0],"1":[0,0],"2":[0,0],"3":[0,0],"4":[0,0],"5":[0,0]}}
,"D:\\Software\\Projects\\EPN_6\\construccion_software_evolucion\\CHAUCA-ROJAS-AARON-ERNESTO-constswgr2\\GestionDeTareas\\epn-event-manager\\src\\modules\\tasks\\tasks.module.ts": {"path":"D:\\Software\\Projects\\EPN_6\\construccion_software_evolucion\\CHAUCA-ROJAS-AARON-ERNESTO-constswgr2\\GestionDeTareas\\epn-event-manager\\src\\modules\\tasks\\tasks.module.ts","statementMap":{"0":{"start":{"line":1,"column":0},"end":{"line":1,"column":40}},"1":{"start":{"line":2,"column":0},"end":{"line":2,"column":48}},"2":{"start":{"line":3,"column":0},"end":{"line":3,"column":65}},"3":{"start":{"line":4,"column":0},"end":{"line":4,"column":53}},"4":{"start":{"line":5,"column":0},"end":{"line":5,"column":47}},"5":{"start":{"line":12,"column":7},"end":{"line":12,"column":null}},"6":{"start":{"line":12,"column":13},"end":{"line":12,"column":24}},"7":{"start":{"line":12,"column":13},"end":{"line":12,"column":null}}},"fnMap":{},"branchMap":{},"s":{"0":0,"1":0,"2":0,"3":0,"4":0,"5":0,"6":0,"7":0},"f":{},"b":{}}
,"D:\\Software\\Projects\\EPN_6\\construccion_software_evolucion\\CHAUCA-ROJAS-AARON-ERNESTO-constswgr2\\GestionDeTareas\\epn-event-manager\\src\\modules\\tasks\\tasks.service.ts": {"path":"D:\\Software\\Projects\\EPN_6\\construccion_software_evolucion\\CHAUCA-ROJAS-AARON-ERNESTO-constswgr2\\GestionDeTareas\\epn-event-manager\\src\\modules\\tasks\\tasks.service.ts","statementMap":{"0":{"start":{"line":1,"column":0},"end":{"line":1,"column":63}},"1":{"start":{"line":2,"column":0},"end":{"line":2,"column":51}},"2":{"start":{"line":3,"column":0},"end":{"line":3,"column":37}},"3":{"start":{"line":4,"column":0},"end":{"line":4,"column":65}},"4":{"start":{"line":9,"column":7},"end":{"line":66,"column":null}},"5":{"start":{"line":12,"column":21},"end":{"line":12,"column":31}},"6":{"start":{"line":16,"column":17},"end":{"line":21,"column":6}},"7":{"start":{"line":23,"column":4},"end":{"line":23,"column":36}},"8":{"start":{"line":27,"column":4},"end":{"line":30,"column":7}},"9":{"start":{"line":34,"column":17},"end":{"line":34,"column":54}},"10":{"start":{"line":36,"column":4},"end":{"line":38,"column":5}},"11":{"start":{"line":37,"column":6},"end":{"line":37,"column":57}},"12":{"start":{"line":40,"column":4},"end":{"line":40,"column":44}},"13":{"start":{"line":41,"column":4},"end":{"line":41,"column":59}},"14":{"start":{"line":42,"column":4},"end":{"line":42,"column":78}},"15":{"start":{"line":44,"column":4},"end":{"line":44,"column":36}},"16":{"start":{"line":48,"column":19},"end":{"line":48,"column":53}},"17":{"start":{"line":50,"column":4},"end":{"line":52,"column":5}},"18":{"start":{"line":51,"column":6},"end":{"line":51,"column":57}},"19":{"start":{"line":54,"column":4},"end":{"line":54,"column":24}},"20":{"start":{"line":58,"column":28},"end":{"line":58,"column":70}},"21":{"start":{"line":60,"column":4},"end":{"line":62,"column":5}},"22":{"start":{"line":61,"column":6},"end":{"line":61,"column":20}},"23":{"start":{"line":64,"column":4},"end":{"line":64,"column":23}},"24":{"start":{"line":9,"column":13},"end":{"line":9,"column":25}},"25":{"start":{"line":9,"column":13},"end":{"line":66,"column":null}}},"fnMap":{"0":{"name":"(anonymous_4)","decl":{"start":{"line":10,"column":2},"end":{"line":10,"column":null}},"loc":{"start":{"line":12,"column":53},"end":{"line":13,"column":6}}},"1":{"name":"(anonymous_5)","decl":{"start":{"line":15,"column":2},"end":{"line":15,"column":7}},"loc":{"start":{"line":15,"column":33},"end":{"line":24,"column":3}}},"2":{"name":"(anonymous_6)","decl":{"start":{"line":26,"column":2},"end":{"line":26,"column":7}},"loc":{"start":{"line":26,"column":40},"end":{"line":31,"column":3}}},"3":{"name":"(anonymous_7)","decl":{"start":{"line":33,"column":2},"end":{"line":33,"column":7}},"loc":{"start":{"line":33,"column":45},"end":{"line":45,"column":3}}},"4":{"name":"(anonymous_8)","decl":{"start":{"line":47,"column":2},"end":{"line":47,"column":7}},"loc":{"start":{"line":47,"column":25},"end":{"line":55,"column":3}}},"5":{"name":"(anonymous_9)","decl":{"start":{"line":57,"column":10},"end":{"line":57,"column":25}},"loc":{"start":{"line":57,"column":41},"end":{"line":65,"column":3}}}},"branchMap":{"0":{"loc":{"start":{"line":18,"column":19},"end":{"line":18,"column":40}},"type":"binary-expr","locations":[{"start":{"line":18,"column":19},"end":{"line":18,"column":34}},{"start":{"line":18,"column":38},"end":{"line":18,"column":40}}]},"1":{"loc":{"start":{"line":36,"column":4},"end":{"line":38,"column":5}},"type":"if","locations":[{"start":{"line":36,"column":4},"end":{"line":38,"column":5}},{"start":{},"end":{}}]},"2":{"loc":{"start":{"line":40,"column":18},"end":{"line":40,"column":43}},"type":"binary-expr","locations":[{"start":{"line":40,"column":18},"end":{"line":40,"column":28}},{"start":{"line":40,"column":32},"end":{"line":40,"column":43}}]},"3":{"loc":{"start":{"line":41,"column":23},"end":{"line":41,"column":58}},"type":"binary-expr","locations":[{"start":{"line":41,"column":23},"end":{"line":41,"column":38}},{"start":{"line":41,"column":42},"end":{"line":41,"column":58}}]},"4":{"loc":{"start":{"line":42,"column":18},"end":{"line":42,"column":77}},"type":"cond-expr","locations":[{"start":{"line":42,"column":31},"end":{"line":42,"column":63}},{"start":{"line":42,"column":66},"end":{"line":42,"column":77}}]},"5":{"loc":{"start":{"line":50,"column":4},"end":{"line":52,"column":5}},"type":"if","locations":[{"start":{"line":50,"column":4},"end":{"line":52,"column":5}},{"start":{},"end":{}}]},"6":{"loc":{"start":{"line":60,"column":4},"end":{"line":62,"column":5}},"type":"if","locations":[{"start":{"line":60,"column":4},"end":{"line":62,"column":5}},{"start":{},"end":{}}]},"7":{"loc":{"start":{"line":60,"column":8},"end":{"line":60,"column":50}},"type":"binary-expr","locations":[{"start":{"line":60,"column":8},"end":{"line":60,"column":14}},{"start":{"line":60,"column":18},"end":{"line":60,"column":50}}]},"8":{"loc":{"start":{"line":12,"column":31},"end":{"line":12,"column":53}},"type":"cond-expr","locations":[{"start":{"line":12,"column":41},"end":{"line":12,"column":53}},{"start":{"line":12,"column":41},"end":{"line":12,"column":53}}]},"9":{"loc":{"start":{"line":12,"column":31},"end":{"line":12,"column":41}},"type":"binary-expr","locations":[{"start":{"line":12,"column":31},"end":{"line":12,"column":53}},{"start":{"line":12,"column":31},"end":{"line":12,"column":41}}]}},"s":{"0":1,"1":1,"2":1,"3":1,"4":1,"5":7,"6":1,"7":1,"8":2,"9":2,"10":2,"11":1,"12":1,"13":1,"14":1,"15":1,"16":2,"17":2,"18":1,"19":1,"20":1,"21":1,"22":0,"23":1,"24":1,"25":1},"f":{"0":7,"1":1,"2":2,"3":2,"4":2,"5":1},"b":{"0":[1,0],"1":[1,1],"2":[1,0],"3":[1,1],"4":[0,1],"5":[1,1],"6":[0,1],"7":[1,0],"8":[1,0],"9":[1,1]}}
,"D:\\Software\\Projects\\EPN_6\\construccion_software_evolucion\\CHAUCA-ROJAS-AARON-ERNESTO-constswgr2\\GestionDeTareas\\epn-event-manager\\src\\modules\\tasks\\dto\\create-task.dto.ts": {"path":"D:\\Software\\Projects\\EPN_6\\construccion_software_evolucion\\CHAUCA-ROJAS-AARON-ERNESTO-constswgr2\\GestionDeTareas\\epn-event-manager\\src\\modules\\tasks\\dto\\create-task.dto.ts","statementMap":{"0":{"start":{"line":1,"column":0},"end":{"line":1,"column":61}},"1":{"start":{"line":3,"column":0},"end":{"line":3,"column":13}},"2":{"start":{"line":5,"column":2},"end":{"line":5,"column":null}},"3":{"start":{"line":9,"column":2},"end":{"line":9,"column":null}},"4":{"start":{"line":13,"column":2},"end":{"line":13,"column":null}}},"fnMap":{},"branchMap":{},"s":{"0":0,"1":0,"2":0,"3":0,"4":0},"f":{},"b":{}}
,"D:\\Software\\Projects\\EPN_6\\construccion_software_evolucion\\CHAUCA-ROJAS-AARON-ERNESTO-constswgr2\\GestionDeTareas\\epn-event-manager\\src\\modules\\tasks\\dto\\update-task.dto.ts": {"path":"D:\\Software\\Projects\\EPN_6\\construccion_software_evolucion\\CHAUCA-ROJAS-AARON-ERNESTO-constswgr2\\GestionDeTareas\\epn-event-manager\\src\\modules\\tasks\\dto\\update-task.dto.ts","statementMap":{"0":{"start":{"line":1,"column":0},"end":{"line":1,"column":61}},"1":{"start":{"line":3,"column":0},"end":{"line":3,"column":13}},"2":{"start":{"line":6,"column":2},"end":{"line":6,"column":null}},"3":{"start":{"line":10,"column":2},"end":{"line":10,"column":null}},"4":{"start":{"line":14,"column":2},"end":{"line":14,"column":null}}},"fnMap":{},"branchMap":{},"s":{"0":0,"1":0,"2":0,"3":0,"4":0},"f":{},"b":{}}
}
